[INFO 2020-03-10 17:07:10] unclock - /home/mi/PycharmProjects/AppDemo/Comment/Log.py[line:34]
http://127.0.0.1:54645 "POST /jsonrpc/0 HTTP/1.1" 200 89 - /home/mi/LBS/lib/python3.6/site-packages/urllib3/connectionpool.py[line:396]
[INFO 2020-03-10 17:07:11]    点击 home - /home/mi/PycharmProjects/AppDemo/Comment/Log.py[line:34]
[INFO 2020-03-10 17:07:41]unclock - /home/mi/PycharmProjects/AppDemo/Comment/Log.py[line:34]
http://127.0.0.1:54645 "POST /jsonrpc/0 HTTP/1.1" 200 90 - /home/mi/LBS/lib/python3.6/site-packages/urllib3/connectionpool.py[line:396]
[INFO 2020-03-10 17:07:42]点击 home - /home/mi/PycharmProjects/AppDemo/Comment/Log.py[line:34]
[INFO 2020-03-10 17:08:18]unclock - /home/mi/PycharmProjects/AppDemo/Comment/Log.py[line:34]
http://127.0.0.1:54645 "POST /jsonrpc/0 HTTP/1.1" 200 89 - /home/mi/LBS/lib/python3.6/site-packages/urllib3/connectionpool.py[line:396]
[INFO 2020-03-10 17:08:18]点击 home - /home/mi/PycharmProjects/AppDemo/Comment/Log.py[line:34]
[INFO 2020-03-10 17:09:57]    unclock - /home/mi/PycharmProjects/AppDemo/Comment/Log.py[line:34]
http://127.0.0.1:54645 "POST /jsonrpc/0 HTTP/1.1" 200 90 - /home/mi/LBS/lib/python3.6/site-packages/urllib3/connectionpool.py[line:396]
[INFO 2020-03-10 17:09:58]    点击 home - /home/mi/PycharmProjects/AppDemo/Comment/Log.py[line:34]
[INFO 2020-03-10 17:10:27]    unclock - /home/mi/PycharmProjects/AppDemo/Comment/Log.py[line:34]
http://127.0.0.1:54645 "POST /jsonrpc/0 HTTP/1.1" 200 90 - /home/mi/LBS/lib/python3.6/site-packages/urllib3/connectionpool.py[line:396]
[INFO 2020-03-10 17:10:28]    点击 back - /home/mi/PycharmProjects/AppDemo/Comment/Log.py[line:34]
[INFO 2020-03-10 17:10:42]    unclock - /home/mi/PycharmProjects/AppDemo/Comment/Log.py[line:34]
http://127.0.0.1:54645 "POST /jsonrpc/0 HTTP/1.1" 200 89 - /home/mi/LBS/lib/python3.6/site-packages/urllib3/connectionpool.py[line:396]
[INFO 2020-03-10 17:10:43]    点击 camera - /home/mi/PycharmProjects/AppDemo/Comment/Log.py[line:34]
[INFO 2020-03-10 17:11:19]    点击 back - /home/mi/PycharmProjects/AppDemo/Comment/Log.py[line:34]
[INFO 2020-03-10 17:11:29]    点击 back - /home/mi/PycharmProjects/AppDemo/Comment/Log.py[line:34]
[INFO 2020-03-10 17:11:33]    点击 back - /home/mi/PycharmProjects/AppDemo/Comment/Log.py[line:34]
[INFO 2020-03-10 17:11:47]    点击 center - /home/mi/PycharmProjects/AppDemo/Comment/Log.py[line:34]
[INFO 2020-03-10 17:11:59]    点击 left - /home/mi/PycharmProjects/AppDemo/Comment/Log.py[line:34]
[INFO 2020-03-10 17:38:12]    点击 home - /home/mi/PycharmProjects/AppDemo/Comment/Log.py[line:34]
[INFO 2020-03-10 17:50:15]    点击 ('resourceId', 'com.miui.home:id/icon_icon') - /home/mi/PycharmProjects/AppDemo/Comment/Log.py[line:34]
[INFO 2020-03-10 17:58:23]    点击 (0.152, 0.093) - /home/mi/PycharmProjects/AppDemo/Comment/Log.py[line:34]
[INFO 2020-03-10 18:09:00]    点击 ('resourceId', 'com.miui.home:id/icon_icon') - /home/mi/PycharmProjects/AppDemo/Comment/Log.py[line:34]
[INFO 2020-03-10 18:15:18]    点击 (0.14, 0.109) - /home/mi/PycharmProjects/AppDemo/Comment/Log.py[line:34]
[INFO 2020-03-10 18:19:35]    点击 (0.14, 0.109) - /home/mi/PycharmProjects/AppDemo/Comment/Log.py[line:34]
[INFO 2020-03-10 18:20:24]    点击 (0.14, 0.109) - /home/mi/PycharmProjects/AppDemo/Comment/Log.py[line:34]
[INFO 2020-03-10 18:20:46]    点击 (0.14, 0.109) - /home/mi/PycharmProjects/AppDemo/Comment/Log.py[line:34]
[INFO 2020-03-10 18:24:21]    点击 ('resourceId', 'com.miui.home:id/icon_icon') - /home/mi/PycharmProjects/AppDemo/Comment/Log.py[line:34]
[INFO 2020-03-10 18:25:14]    点击 ('resourceId', 'com.miui.home:id/icon_icon') - /home/mi/PycharmProjects/AppDemo/Comment/Log.py[line:34]
[INFO 2020-03-10 18:29:43]    点击 ('xpath', '//*[@resource-id="com.miui.home:id/cell_layout"]/android.widget.RelativeLayout[1]') - /home/mi/PycharmProjects/AppDemo/Comment/Log.py[line:34]
[INFO 2020-03-10 18:33:45]    對 ('resourceId', 'com.xiaomi.onetrackdemo:id/property_et_key') 录入信息 你好 - /home/mi/PycharmProjects/AppDemo/Comment/Log.py[line:34]
[INFO 2020-03-10 18:34:13]    對 ('resourceId', 'com.xiaomi.onetrackdemo:id/property_et_key') 录入信息 hah - /home/mi/PycharmProjects/AppDemo/Comment/Log.py[line:34]
[INFO 2020-03-10 18:36:15]    對 ('resourceId', 'com.xiaomi.onetrackdemo:id/property_et_key') 录入信息 hah - /home/mi/PycharmProjects/AppDemo/Comment/Log.py[line:34]
